<?xml version="1.0" encoding="UTF-8"?>
<!-- Generated by org.testng.reporters.JUnitReportReporter -->
<testsuite hostname="LAPTOP-O84P5ERU" failures="0" tests="1" name="io.cucumber.test.WaitTimes" time="21.886" errors="0" timestamp="2021-12-30T22:20:20 IST" skipped="0">
  <testcase classname="io.cucumber.test.WaitTimes" name="guru99tutorials" time="21.886"/>
</testsuite> <!-- io.cucumber.test.WaitTimes -->
