<?xml version="1.0" encoding="UTF-8"?>
<!-- Generated by org.testng.reporters.JUnitReportReporter -->
<testsuite hostname="LAPTOP-O84P5ERU" failures="0" tests="1" name="io.cucumber.test.JavaScriptExecutor" time="20.292" errors="0" timestamp="2023-02-11T21:08:29 IST" skipped="0">
  <testcase classname="io.cucumber.test.JavaScriptExecutor" name="takeScreenshot" time="20.292"/>
</testsuite> <!-- io.cucumber.test.JavaScriptExecutor -->
